[2024-12-04 00:34:16]	[info] incremental build: 85 source files changed
These source files will be recompiled
---
'd:\Users_RM\hero\hero_new\Core\Src\can.c': object (.o) file not exist
'd:\Users_RM\hero\hero_new\Core\Src\dma.c': object (.o) file not exist
'd:\Users_RM\hero\hero_new\Core\Src\gpio.c': object (.o) file not exist
'd:\Users_RM\hero\hero_new\Core\Src\i2c.c': object (.o) file not exist
'd:\Users_RM\hero\hero_new\Core\Src\main.c': object (.o) file not exist
'd:\Users_RM\hero\hero_new\Core\Src\spi.c': object (.o) file not exist
'd:\Users_RM\hero\hero_new\Core\Src\stm32f4xx_hal_msp.c': object (.o) file not exist
'd:\Users_RM\hero\hero_new\Core\Src\stm32f4xx_it.c': object (.o) file not exist
'd:\Users_RM\hero\hero_new\Core\Src\system_stm32f4xx.c': object (.o) file not exist
'd:\Users_RM\hero\hero_new\Core\Src\tim.c': object (.o) file not exist
'd:\Users_RM\hero\hero_new\Core\Src\usart.c': object (.o) file not exist
'd:\Users_RM\hero\hero_new\Drivers\STM32F4xx_HAL_Driver\Src\stm32f4xx_hal.c': object (.o) file not exist
'd:\Users_RM\hero\hero_new\Drivers\STM32F4xx_HAL_Driver\Src\stm32f4xx_hal_can.c': object (.o) file not exist
'd:\Users_RM\hero\hero_new\Drivers\STM32F4xx_HAL_Driver\Src\stm32f4xx_hal_cortex.c': object (.o) file not exist
'd:\Users_RM\hero\hero_new\Drivers\STM32F4xx_HAL_Driver\Src\stm32f4xx_hal_dma.c': object (.o) file not exist
'd:\Users_RM\hero\hero_new\Drivers\STM32F4xx_HAL_Driver\Src\stm32f4xx_hal_dma_ex.c': object (.o) file not exist
'd:\Users_RM\hero\hero_new\Drivers\STM32F4xx_HAL_Driver\Src\stm32f4xx_hal_exti.c': object (.o) file not exist
'd:\Users_RM\hero\hero_new\Drivers\STM32F4xx_HAL_Driver\Src\stm32f4xx_hal_flash.c': object (.o) file not exist
'd:\Users_RM\hero\hero_new\Drivers\STM32F4xx_HAL_Driver\Src\stm32f4xx_hal_flash_ex.c': object (.o) file not exist
'd:\Users_RM\hero\hero_new\Drivers\STM32F4xx_HAL_Driver\Src\stm32f4xx_hal_flash_ramfunc.c': object (.o) file not exist
'd:\Users_RM\hero\hero_new\Drivers\STM32F4xx_HAL_Driver\Src\stm32f4xx_hal_gpio.c': object (.o) file not exist
'd:\Users_RM\hero\hero_new\Drivers\STM32F4xx_HAL_Driver\Src\stm32f4xx_hal_i2c.c': object (.o) file not exist
'd:\Users_RM\hero\hero_new\Drivers\STM32F4xx_HAL_Driver\Src\stm32f4xx_hal_i2c_ex.c': object (.o) file not exist
'd:\Users_RM\hero\hero_new\Drivers\STM32F4xx_HAL_Driver\Src\stm32f4xx_hal_pcd.c': object (.o) file not exist
'd:\Users_RM\hero\hero_new\Drivers\STM32F4xx_HAL_Driver\Src\stm32f4xx_hal_pcd_ex.c': object (.o) file not exist
'd:\Users_RM\hero\hero_new\Drivers\STM32F4xx_HAL_Driver\Src\stm32f4xx_hal_pwr.c': object (.o) file not exist
'd:\Users_RM\hero\hero_new\Drivers\STM32F4xx_HAL_Driver\Src\stm32f4xx_hal_pwr_ex.c': object (.o) file not exist
'd:\Users_RM\hero\hero_new\Drivers\STM32F4xx_HAL_Driver\Src\stm32f4xx_hal_rcc.c': object (.o) file not exist
'd:\Users_RM\hero\hero_new\Drivers\STM32F4xx_HAL_Driver\Src\stm32f4xx_hal_rcc_ex.c': object (.o) file not exist
'd:\Users_RM\hero\hero_new\Drivers\STM32F4xx_HAL_Driver\Src\stm32f4xx_hal_spi.c': object (.o) file not exist
'd:\Users_RM\hero\hero_new\Drivers\STM32F4xx_HAL_Driver\Src\stm32f4xx_hal_tim.c': object (.o) file not exist
'd:\Users_RM\hero\hero_new\Drivers\STM32F4xx_HAL_Driver\Src\stm32f4xx_hal_tim_ex.c': object (.o) file not exist
'd:\Users_RM\hero\hero_new\Drivers\STM32F4xx_HAL_Driver\Src\stm32f4xx_hal_uart.c': object (.o) file not exist
'd:\Users_RM\hero\hero_new\Drivers\STM32F4xx_HAL_Driver\Src\stm32f4xx_ll_usb.c': object (.o) file not exist
'd:\Users_RM\hero\hero_new\Middleware\Algorithm\PID.cpp': object (.o) file not exist
'd:\Users_RM\hero\hero_new\Middleware\Algorithm\QuaternionEKF.cpp': object (.o) file not exist
'd:\Users_RM\hero\hero_new\Middleware\Algorithm\alg_MahonyAHRS.cpp': object (.o) file not exist
'd:\Users_RM\hero\hero_new\Middleware\Algorithm\alg_filter.cpp': object (.o) file not exist
'd:\Users_RM\hero\hero_new\Middleware\Algorithm\alg_fsm.cpp': object (.o) file not exist
'd:\Users_RM\hero\hero_new\Middleware\Algorithm\alg_pid.cpp': object (.o) file not exist
'd:\Users_RM\hero\hero_new\Middleware\Algorithm\alg_power_limit.cpp': object (.o) file not exist
'd:\Users_RM\hero\hero_new\Middleware\Algorithm\alg_slope.cpp': object (.o) file not exist
'd:\Users_RM\hero\hero_new\Middleware\Algorithm\kalman_filter.cpp': object (.o) file not exist
'd:\Users_RM\hero\hero_new\Middleware\Algorithm\user_lib.cpp': object (.o) file not exist
'd:\Users_RM\hero\hero_new\Middleware\Driver\brv_spi.cpp': object (.o) file not exist
'd:\Users_RM\hero\hero_new\Middleware\Driver\brv_tim.cpp': object (.o) file not exist
'd:\Users_RM\hero\hero_new\Middleware\Driver\drv_can.cpp': object (.o) file not exist
'd:\Users_RM\hero\hero_new\Middleware\Driver\drv_dwt.cpp': object (.o) file not exist
'd:\Users_RM\hero\hero_new\Middleware\Driver\drv_i2c.cpp': object (.o) file not exist
'd:\Users_RM\hero\hero_new\Middleware\Driver\drv_math.cpp': object (.o) file not exist
'd:\Users_RM\hero\hero_new\Middleware\Driver\drv_uart.cpp': object (.o) file not exist
'd:\Users_RM\hero\hero_new\Middleware\Driver\drv_usb.cpp': object (.o) file not exist
'd:\Users_RM\hero\hero_new\Middlewares\ST\STM32_USB_Device_Library\Class\CDC\Src\usbd_cdc.c': object (.o) file not exist
'd:\Users_RM\hero\hero_new\Middlewares\ST\STM32_USB_Device_Library\Core\Src\usbd_core.c': object (.o) file not exist
'd:\Users_RM\hero\hero_new\Middlewares\ST\STM32_USB_Device_Library\Core\Src\usbd_ctlreq.c': object (.o) file not exist
'd:\Users_RM\hero\hero_new\Middlewares\ST\STM32_USB_Device_Library\Core\Src\usbd_ioreq.c': object (.o) file not exist
'd:\Users_RM\hero\hero_new\USB_DEVICE\App\usb_device.c': object (.o) file not exist
'd:\Users_RM\hero\hero_new\USB_DEVICE\App\usbd_cdc_if.c': object (.o) file not exist
'd:\Users_RM\hero\hero_new\USB_DEVICE\App\usbd_desc.c': object (.o) file not exist
'd:\Users_RM\hero\hero_new\USB_DEVICE\Target\usbd_conf.c': object (.o) file not exist
'd:\Users_RM\hero\hero_new\User\Chariot\crt_booster.cpp': object (.o) file not exist
'd:\Users_RM\hero\hero_new\User\Chariot\crt_chassis.cpp': object (.o) file not exist
'd:\Users_RM\hero\hero_new\User\Chariot\crt_gimbal.cpp': object (.o) file not exist
'd:\Users_RM\hero\hero_new\User\Device\dvc_GraphicsSendTask.c': object (.o) file not exist
'd:\Users_RM\hero\hero_new\User\Device\dvc_boardc_bmi088.cpp': object (.o) file not exist
'd:\Users_RM\hero\hero_new\User\Device\dvc_boardc_ist8310.cpp': object (.o) file not exist
'd:\Users_RM\hero\hero_new\User\Device\dvc_buzzer.cpp': object (.o) file not exist
'd:\Users_RM\hero\hero_new\User\Device\dvc_djimotor.cpp': object (.o) file not exist
'd:\Users_RM\hero\hero_new\User\Device\dvc_dmmotor.cpp': object (.o) file not exist
'd:\Users_RM\hero\hero_new\User\Device\dvc_dr16.cpp': object (.o) file not exist
'd:\Users_RM\hero\hero_new\User\Device\dvc_dwt.cpp': object (.o) file not exist
'd:\Users_RM\hero\hero_new\User\Device\dvc_imu.cpp': object (.o) file not exist
'd:\Users_RM\hero\hero_new\User\Device\dvc_lkmotor.cpp': object (.o) file not exist
'd:\Users_RM\hero\hero_new\User\Device\dvc_manifold.cpp': object (.o) file not exist
'd:\Users_RM\hero\hero_new\User\Device\dvc_minipc.cpp': object (.o) file not exist
'd:\Users_RM\hero\hero_new\User\Device\dvc_referee.cpp': object (.o) file not exist
'd:\Users_RM\hero\hero_new\User\Device\dvc_sampler.cpp': object (.o) file not exist
'd:\Users_RM\hero\hero_new\User\Device\dvc_serialplot.cpp': object (.o) file not exist
'd:\Users_RM\hero\hero_new\User\Device\dvc_servo.cpp': object (.o) file not exist
'd:\Users_RM\hero\hero_new\User\Device\dvc_supercap.cpp': object (.o) file not exist
'd:\Users_RM\hero\hero_new\User\Device\dvc_witahrs.cpp': object (.o) file not exist
'd:\Users_RM\hero\hero_new\User\Interaction\ita_chariot.cpp': object (.o) file not exist
'd:\Users_RM\hero\hero_new\User\Task\config.c': object (.o) file not exist
'd:\Users_RM\hero\hero_new\User\Task\tsk_config_and_callback.cpp': object (.o) file not exist
'd:\Users_RM\hero\hero_new\MDK-ARM\startup_stm32f407xx.s': object (.o) file not exist

[2024-12-04 00:34:24]	[done]
	build successfully !

[2024-12-05 09:25:19]	[info] incremental build: 2 source files changed
These source files will be recompiled
---
'd:\Users_RM\hero\hero_new\User\Chariot\crt_booster.cpp': source file has been changed.
'd:\Users_RM\hero\hero_new\User\Chariot\crt_gimbal.cpp': source file has been changed.

[2024-12-05 09:25:21]	[done]
	build successfully !

[2024-12-05 09:38:36]	[info] incremental build: 1 source files changed
These source files will be recompiled
---
'd:\Users_RM\hero\hero_new\User\Chariot\crt_gimbal.cpp': source file has been changed.

[2024-12-05 09:38:37]	[done]
	build successfully !

[2024-12-05 10:29:41]	[info] incremental build: 10 source files changed
These source files will be recompiled
---
'd:\Users_RM\hero\hero_new\Middleware\Algorithm\QuaternionEKF.cpp': source file has been changed.
'd:\Users_RM\hero\hero_new\Middleware\Algorithm\alg_power_limit.cpp': dependence 'd:\Users_RM\hero\hero_new\MDK-ARM\..\User\Task\config.h' has been changed.
'd:\Users_RM\hero\hero_new\Middleware\Driver\drv_can.cpp': dependence 'd:\Users_RM\hero\hero_new\MDK-ARM\..\User\Task\config.h' has been changed.
'd:\Users_RM\hero\hero_new\User\Chariot\crt_booster.cpp': dependence 'd:\Users_RM\hero\hero_new\MDK-ARM\..\User\Task\config.h' has been changed.
'd:\Users_RM\hero\hero_new\User\Chariot\crt_chassis.cpp': dependence 'd:\Users_RM\hero\hero_new\MDK-ARM\..\User\Task\config.h' has been changed.
'd:\Users_RM\hero\hero_new\User\Chariot\crt_gimbal.cpp': source file has been changed.
'd:\Users_RM\hero\hero_new\User\Device\dvc_djimotor.cpp': dependence 'd:\Users_RM\hero\hero_new\MDK-ARM\..\User\Task\config.h' has been changed.
'd:\Users_RM\hero\hero_new\User\Interaction\ita_chariot.cpp': dependence 'd:\Users_RM\hero\hero_new\MDK-ARM\..\User\Task\config.h' has been changed.
'd:\Users_RM\hero\hero_new\User\Task\config.c': dependence 'd:\Users_RM\hero\hero_new\MDK-ARM\..\User\Task\config.h' has been changed.
'd:\Users_RM\hero\hero_new\User\Task\tsk_config_and_callback.cpp': dependence 'd:\Users_RM\hero\hero_new\MDK-ARM\..\User\Task\config.h' has been changed.

[2024-12-05 10:29:43]	[done]
	build successfully !

[2024-12-05 10:30:21]	[done]
	build successfully !

[2024-12-05 10:37:35]	[info] incremental build: 1 source files changed
These source files will be recompiled
---
'd:\Users_RM\hero\hero_new\User\Interaction\ita_chariot.cpp': source file has been changed.

[2024-12-05 10:37:36]	[done]
	build successfully !

[2024-12-05 10:58:42]	[info] incremental build: 9 source files changed
These source files will be recompiled
---
'd:\Users_RM\hero\hero_new\Middleware\Algorithm\alg_power_limit.cpp': dependence 'd:\Users_RM\hero\hero_new\MDK-ARM\..\User\Task\config.h' has been changed.
'd:\Users_RM\hero\hero_new\Middleware\Driver\drv_can.cpp': dependence 'd:\Users_RM\hero\hero_new\MDK-ARM\..\User\Task\config.h' has been changed.
'd:\Users_RM\hero\hero_new\User\Chariot\crt_booster.cpp': dependence 'd:\Users_RM\hero\hero_new\MDK-ARM\..\User\Task\config.h' has been changed.
'd:\Users_RM\hero\hero_new\User\Chariot\crt_chassis.cpp': dependence 'd:\Users_RM\hero\hero_new\MDK-ARM\..\User\Task\config.h' has been changed.
'd:\Users_RM\hero\hero_new\User\Chariot\crt_gimbal.cpp': dependence 'd:\Users_RM\hero\hero_new\MDK-ARM\..\User\Task\config.h' has been changed.
'd:\Users_RM\hero\hero_new\User\Device\dvc_djimotor.cpp': dependence 'd:\Users_RM\hero\hero_new\MDK-ARM\..\User\Task\config.h' has been changed.
'd:\Users_RM\hero\hero_new\User\Interaction\ita_chariot.cpp': source file has been changed.
'd:\Users_RM\hero\hero_new\User\Task\config.c': dependence 'd:\Users_RM\hero\hero_new\MDK-ARM\..\User\Task\config.h' has been changed.
'd:\Users_RM\hero\hero_new\User\Task\tsk_config_and_callback.cpp': dependence 'd:\Users_RM\hero\hero_new\MDK-ARM\..\User\Task\config.h' has been changed.

[2024-12-05 10:58:44]	[done]
	build successfully !

[2024-12-05 11:00:19]	[info] incremental build: 1 source files changed
These source files will be recompiled
---
'd:\Users_RM\hero\hero_new\User\Chariot\crt_booster.cpp': source file has been changed.

[2024-12-05 11:00:20]	[done]
	build successfully !

[2024-12-05 12:05:21]	[info] incremental build: 2 source files changed
These source files will be recompiled
---
'd:\Users_RM\hero\hero_new\User\Chariot\crt_booster.cpp': source file has been changed.
'd:\Users_RM\hero\hero_new\User\Chariot\crt_gimbal.cpp': source file has been changed.

[2024-12-05 12:05:22]	[done]
	build successfully !

[2024-12-05 15:04:27]	[info] incremental build: 1 source files changed
These source files will be recompiled
---
'd:\Users_RM\hero\hero_new\User\Chariot\crt_gimbal.cpp': source file has been changed.

[2024-12-05 15:04:28]	[done]
	build successfully !

[2024-12-05 15:16:45]	[info] incremental build: 1 source files changed
These source files will be recompiled
---
'd:\Users_RM\hero\hero_new\User\Chariot\crt_gimbal.cpp': source file has been changed.

[2024-12-05 15:16:46]	[done]
	build successfully !

[2024-12-05 15:18:54]	[info] incremental build: 1 source files changed
These source files will be recompiled
---
'd:\Users_RM\hero\hero_new\User\Chariot\crt_gimbal.cpp': source file has been changed.

[2024-12-05 15:18:55]	[done]
	build successfully !

[2024-12-05 15:24:37]	[info] incremental build: 1 source files changed
These source files will be recompiled
---
'd:\Users_RM\hero\hero_new\User\Chariot\crt_gimbal.cpp': source file has been changed.

[2024-12-05 15:24:38]	[done]
	build successfully !

[2024-12-05 15:42:28]	[info] incremental build: 1 source files changed
These source files will be recompiled
---
'd:\Users_RM\hero\hero_new\User\Chariot\crt_gimbal.cpp': source file has been changed.

[2024-12-05 15:42:29]	[done]
	build successfully !

[2024-12-06 21:48:29]	[info] incremental build: 1 source files changed
These source files will be recompiled
---
'd:\Users_RM\hero\hero_new\Core\Src\main.c': source file has been changed.

[2024-12-06 21:48:36]	[done]
	build successfully !

[2024-12-06 22:28:34]	[info] incremental build: 1 source files changed
These source files will be recompiled
---
'd:\Users_RM\hero\hero_new\Middleware\Driver\drv_can.cpp': source file has been changed.

[2024-12-06 22:28:35]	[done]
	build successfully !

[2024-12-06 22:56:28]	[info] incremental build: 2 source files changed
These source files will be recompiled
---
'd:\Users_RM\hero\hero_new\Middleware\Driver\drv_can.cpp': source file has been changed.
'd:\Users_RM\hero\hero_new\User\Task\tsk_config_and_callback.cpp': source file has been changed.

[2024-12-06 22:56:29]	compilation failed at : "d:\Users_RM\hero\hero_new\Middleware\Driver\drv_can.cpp", exit code: 1
command: 
  "D:\Keil_v5\ARM\ARMCLANG\bin\armclang.exe" --target=arm-arm-none-eabi -c -xc++ -std=c++11 -I../Core/Inc -I../USB_DEVICE/App -I../USB_DEVICE/Target -I../Drivers/STM32F4xx_HAL_Driver/Inc -I../Drivers/STM32F4xx_HAL_Driver/Inc/Legacy -I../Middlewares/ST/STM32_USB_Device_Library/Core/Inc -I../Middlewares/ST/STM32_USB_Device_Library/Class/CDC/Inc -I../Drivers/CMSIS/Device/ST/STM32F4xx/Include -I../Drivers/CMSIS/Include -I../Middlewares/Driver -I../Middlewares/Algorithm -I../Middleware/Driver -I../Middleware/Algorithm -I../User/Chariot -I../User/Device -I../User/Interaction -I../User/Task -I../Middlewares/ST/ARM/DSP/Inc -IRTE/_infantry -DUSE_HAL_DRIVER -DSTM32F407xx -mfloat-abi=hard -mfpu=fpv4-sp-d16 -mcpu=cortex-m4 -mlittle-endian -Os -ffunction-sections -funsigned-char -fshort-enums -fshort-wchar -fno-rtti -w -g -o ./infantry/.obj/__/Middleware/Driver/drv_can.o -MMD ./../Middleware/Driver/drv_can.cpp
   at unify_builder.Program.Main(String[] args_)
---
./../Middleware/Driver/drv_can.cpp:254:9: error: redefinition of 'can_tx_status' with a different type: 'uint8_t' (aka 'unsigned char') vs 'uint8_t[5]' (aka 'unsigned char[5]')
  254 | uint8_t can_tx_status = 1;
      |         ^
./../Middleware/Driver/drv_can.cpp:253:9: note: previous definition is here
  253 | uint8_t can_tx_status[5] = {1, 1, 1, 1, 1};
      |         ^
./../Middleware/Driver/drv_can.cpp:294:23: error: array type 'uint8_t[5]' (aka 'unsigned char[5]') is not assignable
  294 |         can_tx_status = can_tx_status[2];
      |         ~~~~~~~~~~~~~ ^
2 errors generated.

[2024-12-06 22:56:59]	[info] incremental build: 2 source files changed
These source files will be recompiled
---
'd:\Users_RM\hero\hero_new\Middleware\Driver\drv_can.cpp': object (.o) file not exist
'd:\Users_RM\hero\hero_new\User\Task\tsk_config_and_callback.cpp': source file has been changed.

[2024-12-06 22:57:00]	[done]
	build successfully !

[2024-12-06 22:59:41]	[info] incremental build: 1 source files changed
These source files will be recompiled
---
'd:\Users_RM\hero\hero_new\User\Task\tsk_config_and_callback.cpp': source file has been changed.

[2024-12-06 22:59:42]	[done]
	build successfully !

[2024-12-07 12:38:54]	[info] incremental build: 4 source files changed
These source files will be recompiled
---
'd:\Users_RM\hero\hero_new\Middleware\Driver\drv_can.cpp': source file has been changed.
'd:\Users_RM\hero\hero_new\User\Chariot\crt_booster.cpp': source file has been changed.
'd:\Users_RM\hero\hero_new\User\Chariot\crt_gimbal.cpp': source file has been changed.
'd:\Users_RM\hero\hero_new\User\Task\tsk_config_and_callback.cpp': source file has been changed.

[2024-12-07 12:38:54]	compilation failed at : "d:\Users_RM\hero\hero_new\Middleware\Driver\drv_can.cpp", exit code: 1
command: 
  "D:\Keil_v5\ARM\ARMCLANG\bin\armclang.exe" --target=arm-arm-none-eabi -c -xc++ -std=c++11 -I../Core/Inc -I../USB_DEVICE/App -I../USB_DEVICE/Target -I../Drivers/STM32F4xx_HAL_Driver/Inc -I../Drivers/STM32F4xx_HAL_Driver/Inc/Legacy -I../Middlewares/ST/STM32_USB_Device_Library/Core/Inc -I../Middlewares/ST/STM32_USB_Device_Library/Class/CDC/Inc -I../Drivers/CMSIS/Device/ST/STM32F4xx/Include -I../Drivers/CMSIS/Include -I../Middlewares/Driver -I../Middlewares/Algorithm -I../Middleware/Driver -I../Middleware/Algorithm -I../User/Chariot -I../User/Device -I../User/Interaction -I../User/Task -I../Middlewares/ST/ARM/DSP/Inc -IRTE/_infantry -DUSE_HAL_DRIVER -DSTM32F407xx -mfloat-abi=hard -mfpu=fpv4-sp-d16 -mcpu=cortex-m4 -mlittle-endian -Os -ffunction-sections -funsigned-char -fshort-enums -fshort-wchar -fno-rtti -w -g -o ./infantry/.obj/__/Middleware/Driver/drv_can.o -MMD ./../Middleware/Driver/drv_can.cpp
   at unify_builder.Program.Main(String[] args_)
---
./../Middleware/Driver/drv_can.cpp:291:23: error: array type 'uint8_t[5]' (aka 'unsigned char[5]') is not assignable
  291 |         can_tx_status = CAN_Send_Data(&hcan2, 0x1ff, CAN2_0x1ff_Tx_Data, 8);
      |         ~~~~~~~~~~~~~ ^
1 error generated.

[2024-12-07 12:39:12]	[info] incremental build: 4 source files changed
These source files will be recompiled
---
'd:\Users_RM\hero\hero_new\Middleware\Driver\drv_can.cpp': object (.o) file not exist
'd:\Users_RM\hero\hero_new\User\Chariot\crt_booster.cpp': source file has been changed.
'd:\Users_RM\hero\hero_new\User\Chariot\crt_gimbal.cpp': source file has been changed.
'd:\Users_RM\hero\hero_new\User\Task\tsk_config_and_callback.cpp': source file has been changed.

[2024-12-07 12:39:20]	[done]
	build successfully !

[2024-12-07 19:00:57]	[info] incremental build: 9 source files changed
These source files will be recompiled
---
'd:\Users_RM\hero\hero_new\Middleware\Algorithm\alg_power_limit.cpp': dependence 'd:\Users_RM\hero\hero_new\MDK-ARM\..\User\Task\config.h' has been changed.
'd:\Users_RM\hero\hero_new\Middleware\Driver\drv_can.cpp': dependence 'd:\Users_RM\hero\hero_new\MDK-ARM\..\User\Task\config.h' has been changed.
'd:\Users_RM\hero\hero_new\User\Chariot\crt_booster.cpp': dependence 'd:\Users_RM\hero\hero_new\MDK-ARM\..\User\Task\config.h' has been changed.
'd:\Users_RM\hero\hero_new\User\Chariot\crt_chassis.cpp': dependence 'd:\Users_RM\hero\hero_new\MDK-ARM\..\User\Task\config.h' has been changed.
'd:\Users_RM\hero\hero_new\User\Chariot\crt_gimbal.cpp': dependence 'd:\Users_RM\hero\hero_new\MDK-ARM\..\User\Task\config.h' has been changed.
'd:\Users_RM\hero\hero_new\User\Device\dvc_djimotor.cpp': dependence 'd:\Users_RM\hero\hero_new\MDK-ARM\..\User\Task\config.h' has been changed.
'd:\Users_RM\hero\hero_new\User\Interaction\ita_chariot.cpp': dependence 'd:\Users_RM\hero\hero_new\MDK-ARM\..\User\Task\config.h' has been changed.
'd:\Users_RM\hero\hero_new\User\Task\config.c': dependence 'd:\Users_RM\hero\hero_new\MDK-ARM\..\User\Task\config.h' has been changed.
'd:\Users_RM\hero\hero_new\User\Task\tsk_config_and_callback.cpp': dependence 'd:\Users_RM\hero\hero_new\MDK-ARM\..\User\Task\config.h' has been changed.

[2024-12-07 19:00:59]	[done]
	build successfully !

[2024-12-07 19:02:12]	[info] incremental build: 2 source files changed
These source files will be recompiled
---
'd:\Users_RM\hero\hero_new\User\Interaction\ita_chariot.cpp': source file has been changed.
'd:\Users_RM\hero\hero_new\User\Task\tsk_config_and_callback.cpp': source file has been changed.

[2024-12-07 19:02:13]	[done]
	build successfully !

[2024-12-07 19:08:17]	[info] incremental build: 9 source files changed
These source files will be recompiled
---
'd:\Users_RM\hero\hero_new\Middleware\Algorithm\alg_power_limit.cpp': dependence 'd:\Users_RM\hero\hero_new\MDK-ARM\..\User\Task\config.h' has been changed.
'd:\Users_RM\hero\hero_new\Middleware\Driver\drv_can.cpp': source file has been changed.
'd:\Users_RM\hero\hero_new\User\Chariot\crt_booster.cpp': dependence 'd:\Users_RM\hero\hero_new\MDK-ARM\..\User\Task\config.h' has been changed.
'd:\Users_RM\hero\hero_new\User\Chariot\crt_chassis.cpp': dependence 'd:\Users_RM\hero\hero_new\MDK-ARM\..\User\Task\config.h' has been changed.
'd:\Users_RM\hero\hero_new\User\Chariot\crt_gimbal.cpp': dependence 'd:\Users_RM\hero\hero_new\MDK-ARM\..\User\Task\config.h' has been changed.
'd:\Users_RM\hero\hero_new\User\Device\dvc_djimotor.cpp': dependence 'd:\Users_RM\hero\hero_new\MDK-ARM\..\User\Task\config.h' has been changed.
'd:\Users_RM\hero\hero_new\User\Interaction\ita_chariot.cpp': dependence 'd:\Users_RM\hero\hero_new\MDK-ARM\..\User\Task\config.h' has been changed.
'd:\Users_RM\hero\hero_new\User\Task\config.c': dependence 'd:\Users_RM\hero\hero_new\MDK-ARM\..\User\Task\config.h' has been changed.
'd:\Users_RM\hero\hero_new\User\Task\tsk_config_and_callback.cpp': dependence 'd:\Users_RM\hero\hero_new\MDK-ARM\..\User\Task\config.h' has been changed.

[2024-12-07 19:08:19]	[done]
	build successfully !

[2024-12-07 19:29:37]	[info] incremental build: 9 source files changed
These source files will be recompiled
---
'd:\Users_RM\hero\hero_new\Middleware\Algorithm\alg_power_limit.cpp': dependence 'd:\Users_RM\hero\hero_new\MDK-ARM\..\User\Task\config.h' has been changed.
'd:\Users_RM\hero\hero_new\Middleware\Driver\drv_can.cpp': source file has been changed.
'd:\Users_RM\hero\hero_new\User\Chariot\crt_booster.cpp': dependence 'd:\Users_RM\hero\hero_new\MDK-ARM\..\User\Task\config.h' has been changed.
'd:\Users_RM\hero\hero_new\User\Chariot\crt_chassis.cpp': dependence 'd:\Users_RM\hero\hero_new\MDK-ARM\..\User\Task\config.h' has been changed.
'd:\Users_RM\hero\hero_new\User\Chariot\crt_gimbal.cpp': dependence 'd:\Users_RM\hero\hero_new\MDK-ARM\..\User\Task\config.h' has been changed.
'd:\Users_RM\hero\hero_new\User\Device\dvc_djimotor.cpp': dependence 'd:\Users_RM\hero\hero_new\MDK-ARM\..\User\Task\config.h' has been changed.
'd:\Users_RM\hero\hero_new\User\Interaction\ita_chariot.cpp': dependence 'd:\Users_RM\hero\hero_new\MDK-ARM\..\User\Task\config.h' has been changed.
'd:\Users_RM\hero\hero_new\User\Task\config.c': dependence 'd:\Users_RM\hero\hero_new\MDK-ARM\..\User\Task\config.h' has been changed.
'd:\Users_RM\hero\hero_new\User\Task\tsk_config_and_callback.cpp': dependence 'd:\Users_RM\hero\hero_new\MDK-ARM\..\User\Task\config.h' has been changed.

[2024-12-07 19:29:40]	[done]
	build successfully !

[2024-12-07 19:41:33]	[info] incremental build: 9 source files changed
These source files will be recompiled
---
'd:\Users_RM\hero\hero_new\Middleware\Algorithm\alg_power_limit.cpp': dependence 'd:\Users_RM\hero\hero_new\MDK-ARM\..\User\Task\config.h' has been changed.
'd:\Users_RM\hero\hero_new\Middleware\Driver\drv_can.cpp': dependence 'd:\Users_RM\hero\hero_new\MDK-ARM\..\User\Task\config.h' has been changed.
'd:\Users_RM\hero\hero_new\User\Chariot\crt_booster.cpp': dependence 'd:\Users_RM\hero\hero_new\MDK-ARM\..\User\Task\config.h' has been changed.
'd:\Users_RM\hero\hero_new\User\Chariot\crt_chassis.cpp': dependence 'd:\Users_RM\hero\hero_new\MDK-ARM\..\User\Task\config.h' has been changed.
'd:\Users_RM\hero\hero_new\User\Chariot\crt_gimbal.cpp': dependence 'd:\Users_RM\hero\hero_new\MDK-ARM\..\User\Task\config.h' has been changed.
'd:\Users_RM\hero\hero_new\User\Device\dvc_djimotor.cpp': dependence 'd:\Users_RM\hero\hero_new\MDK-ARM\..\User\Task\config.h' has been changed.
'd:\Users_RM\hero\hero_new\User\Interaction\ita_chariot.cpp': dependence 'd:\Users_RM\hero\hero_new\MDK-ARM\..\User\Task\config.h' has been changed.
'd:\Users_RM\hero\hero_new\User\Task\config.c': dependence 'd:\Users_RM\hero\hero_new\MDK-ARM\..\User\Task\config.h' has been changed.
'd:\Users_RM\hero\hero_new\User\Task\tsk_config_and_callback.cpp': dependence 'd:\Users_RM\hero\hero_new\MDK-ARM\..\User\Task\config.h' has been changed.

[2024-12-07 19:41:36]	[done]
	build successfully !

[2024-12-07 19:44:19]	[info] incremental build: 1 source files changed
These source files will be recompiled
---
'd:\Users_RM\hero\hero_new\User\Interaction\ita_chariot.cpp': source file has been changed.

[2024-12-07 19:44:20]	[done]
	build successfully !

[2024-12-07 20:06:30]	[info] incremental build: 9 source files changed
These source files will be recompiled
---
'd:\Users_RM\hero\hero_new\Middleware\Algorithm\alg_power_limit.cpp': dependence 'd:\Users_RM\hero\hero_new\MDK-ARM\..\User\Task\config.h' has been changed.
'd:\Users_RM\hero\hero_new\Middleware\Driver\drv_can.cpp': dependence 'd:\Users_RM\hero\hero_new\MDK-ARM\..\User\Task\config.h' has been changed.
'd:\Users_RM\hero\hero_new\User\Chariot\crt_booster.cpp': dependence 'd:\Users_RM\hero\hero_new\MDK-ARM\..\User\Task\config.h' has been changed.
'd:\Users_RM\hero\hero_new\User\Chariot\crt_chassis.cpp': dependence 'd:\Users_RM\hero\hero_new\MDK-ARM\..\User\Task\config.h' has been changed.
'd:\Users_RM\hero\hero_new\User\Chariot\crt_gimbal.cpp': dependence 'd:\Users_RM\hero\hero_new\MDK-ARM\..\User\Task\config.h' has been changed.
'd:\Users_RM\hero\hero_new\User\Device\dvc_djimotor.cpp': dependence 'd:\Users_RM\hero\hero_new\MDK-ARM\..\User\Task\config.h' has been changed.
'd:\Users_RM\hero\hero_new\User\Interaction\ita_chariot.cpp': source file has been changed.
'd:\Users_RM\hero\hero_new\User\Task\config.c': dependence 'd:\Users_RM\hero\hero_new\MDK-ARM\..\User\Task\config.h' has been changed.
'd:\Users_RM\hero\hero_new\User\Task\tsk_config_and_callback.cpp': dependence 'd:\Users_RM\hero\hero_new\MDK-ARM\..\User\Task\config.h' has been changed.

[2024-12-07 20:06:32]	[done]
	build successfully !

[2024-12-07 20:22:53]	[info] incremental build: 4 source files changed
These source files will be recompiled
---
'd:\Users_RM\hero\hero_new\User\Chariot\crt_chassis.cpp': dependence 'd:\Users_RM\hero\hero_new\MDK-ARM\..\User\Chariot\crt_chassis.h' has been changed.
'd:\Users_RM\hero\hero_new\User\Device\dvc_GraphicsSendTask.c': dependence 'd:\Users_RM\hero\hero_new\MDK-ARM\..\User\Chariot\crt_chassis.h' has been changed.
'd:\Users_RM\hero\hero_new\User\Interaction\ita_chariot.cpp': source file has been changed.
'd:\Users_RM\hero\hero_new\User\Task\tsk_config_and_callback.cpp': dependence 'd:\Users_RM\hero\hero_new\MDK-ARM\..\User\Chariot\crt_chassis.h' has been changed.

[2024-12-07 20:22:55]	[done]
	build successfully !

[2024-12-07 20:38:12]	[info] incremental build: 9 source files changed
These source files will be recompiled
---
'd:\Users_RM\hero\hero_new\Middleware\Algorithm\alg_power_limit.cpp': dependence 'd:\Users_RM\hero\hero_new\MDK-ARM\..\User\Task\config.h' has been changed.
'd:\Users_RM\hero\hero_new\Middleware\Driver\drv_can.cpp': dependence 'd:\Users_RM\hero\hero_new\MDK-ARM\..\User\Task\config.h' has been changed.
'd:\Users_RM\hero\hero_new\User\Chariot\crt_booster.cpp': dependence 'd:\Users_RM\hero\hero_new\MDK-ARM\..\User\Task\config.h' has been changed.
'd:\Users_RM\hero\hero_new\User\Chariot\crt_chassis.cpp': dependence 'd:\Users_RM\hero\hero_new\MDK-ARM\..\User\Task\config.h' has been changed.
'd:\Users_RM\hero\hero_new\User\Chariot\crt_gimbal.cpp': dependence 'd:\Users_RM\hero\hero_new\MDK-ARM\..\User\Task\config.h' has been changed.
'd:\Users_RM\hero\hero_new\User\Device\dvc_djimotor.cpp': dependence 'd:\Users_RM\hero\hero_new\MDK-ARM\..\User\Task\config.h' has been changed.
'd:\Users_RM\hero\hero_new\User\Interaction\ita_chariot.cpp': source file has been changed.
'd:\Users_RM\hero\hero_new\User\Task\config.c': dependence 'd:\Users_RM\hero\hero_new\MDK-ARM\..\User\Task\config.h' has been changed.
'd:\Users_RM\hero\hero_new\User\Task\tsk_config_and_callback.cpp': dependence 'd:\Users_RM\hero\hero_new\MDK-ARM\..\User\Task\config.h' has been changed.

[2024-12-07 20:38:14]	[done]
	build successfully !

[2024-12-07 20:55:09]	[info] incremental build: 10 source files changed
These source files will be recompiled
---
'd:\Users_RM\hero\hero_new\Middleware\Algorithm\alg_power_limit.cpp': dependence 'd:\Users_RM\hero\hero_new\MDK-ARM\..\User\Task\config.h' has been changed.
'd:\Users_RM\hero\hero_new\Middleware\Driver\drv_can.cpp': dependence 'd:\Users_RM\hero\hero_new\MDK-ARM\..\User\Task\config.h' has been changed.
'd:\Users_RM\hero\hero_new\User\Chariot\crt_booster.cpp': dependence 'd:\Users_RM\hero\hero_new\MDK-ARM\..\User\Task\config.h' has been changed.
'd:\Users_RM\hero\hero_new\User\Chariot\crt_chassis.cpp': dependence 'd:\Users_RM\hero\hero_new\MDK-ARM\..\User\Chariot\crt_chassis.h' has been changed.
'd:\Users_RM\hero\hero_new\User\Chariot\crt_gimbal.cpp': dependence 'd:\Users_RM\hero\hero_new\MDK-ARM\..\User\Task\config.h' has been changed.
'd:\Users_RM\hero\hero_new\User\Device\dvc_GraphicsSendTask.c': dependence 'd:\Users_RM\hero\hero_new\MDK-ARM\..\User\Chariot\crt_chassis.h' has been changed.
'd:\Users_RM\hero\hero_new\User\Device\dvc_djimotor.cpp': dependence 'd:\Users_RM\hero\hero_new\MDK-ARM\..\User\Task\config.h' has been changed.
'd:\Users_RM\hero\hero_new\User\Interaction\ita_chariot.cpp': source file has been changed.
'd:\Users_RM\hero\hero_new\User\Task\config.c': dependence 'd:\Users_RM\hero\hero_new\MDK-ARM\..\User\Task\config.h' has been changed.
'd:\Users_RM\hero\hero_new\User\Task\tsk_config_and_callback.cpp': dependence 'd:\Users_RM\hero\hero_new\MDK-ARM\..\User\Task\config.h' has been changed.

[2024-12-07 20:55:11]	[done]
	build successfully !

[2024-12-08 20:25:00]	[info] incremental build: 9 source files changed
These source files will be recompiled
---
'd:\Users_RM\hero\hero_new\Middleware\Algorithm\alg_power_limit.cpp': dependence 'd:\Users_RM\hero\hero_new\MDK-ARM\..\User\Task\config.h' has been changed.
'd:\Users_RM\hero\hero_new\Middleware\Driver\drv_can.cpp': dependence 'd:\Users_RM\hero\hero_new\MDK-ARM\..\User\Task\config.h' has been changed.
'd:\Users_RM\hero\hero_new\User\Chariot\crt_booster.cpp': dependence 'd:\Users_RM\hero\hero_new\MDK-ARM\..\User\Task\config.h' has been changed.
'd:\Users_RM\hero\hero_new\User\Chariot\crt_chassis.cpp': dependence 'd:\Users_RM\hero\hero_new\MDK-ARM\..\User\Task\config.h' has been changed.
'd:\Users_RM\hero\hero_new\User\Chariot\crt_gimbal.cpp': dependence 'd:\Users_RM\hero\hero_new\MDK-ARM\..\User\Task\config.h' has been changed.
'd:\Users_RM\hero\hero_new\User\Device\dvc_djimotor.cpp': dependence 'd:\Users_RM\hero\hero_new\MDK-ARM\..\User\Task\config.h' has been changed.
'd:\Users_RM\hero\hero_new\User\Interaction\ita_chariot.cpp': source file has been changed.
'd:\Users_RM\hero\hero_new\User\Task\config.c': dependence 'd:\Users_RM\hero\hero_new\MDK-ARM\..\User\Task\config.h' has been changed.
'd:\Users_RM\hero\hero_new\User\Task\tsk_config_and_callback.cpp': dependence 'd:\Users_RM\hero\hero_new\MDK-ARM\..\User\Task\config.h' has been changed.

[2024-12-08 20:25:02]	[done]
	build successfully !

[2024-12-08 20:25:54]	[info] incremental build: 1 source files changed
These source files will be recompiled
---
'd:\Users_RM\hero\hero_new\User\Interaction\ita_chariot.cpp': source file has been changed.

[2024-12-08 20:25:55]	[done]
	build successfully !

